Performing C SOURCE FILE Test HAVE_STRUCT_STAT_ST_ATIM failed with the following output:
Change Dir: /Users/Signal/Rust_Project/p2p3/target/debug/build/libgit2-sys-368b385e55755cd9/out/build/CMakeFiles/CMakeTmp

Run Build Command:"/usr/bin/make" "cmTC_9a152/fast"
/Library/Developer/CommandLineTools/usr/bin/make -f CMakeFiles/cmTC_9a152.dir/build.make CMakeFiles/cmTC_9a152.dir/build
Building C object CMakeFiles/cmTC_9a152.dir/src.c.o
/usr/bin/cc    -O0 -ffunction-sections -fdata-sections -m64 -fPIC -DHAVE_STRUCT_STAT_ST_ATIM   -o CMakeFiles/cmTC_9a152.dir/src.c.o   -c /Users/Signal/Rust_Project/p2p3/target/debug/build/libgit2-sys-368b385e55755cd9/out/build/CMakeFiles/CMakeTmp/src.c
/Users/Signal/Rust_Project/p2p3/target/debug/build/libgit2-sys-368b385e55755cd9/out/build/CMakeFiles/CMakeTmp/src.c:7:37: error: no member named 'st_atim' in 'struct stat'
   (void)sizeof(((struct stat *)0)->st_atim);
                ~~~~~~~~~~~~~~~~~~  ^
1 error generated.
make[1]: *** [CMakeFiles/cmTC_9a152.dir/src.c.o] Error 1
make: *** [cmTC_9a152/fast] Error 2

Source file was:

#include <sys/types.h>
#include <sys/stat.h>

int main()
{
   (void)sizeof(((struct stat *)0)->st_atim);
   return 0;
}

Determining if the function libssh2_userauth_publickey_frommemory exists in the ssh2 failed with the following output:
Change Dir: /Users/Signal/Rust_Project/p2p3/target/debug/build/libgit2-sys-368b385e55755cd9/out/build/CMakeFiles/CMakeTmp

Run Build Command:"/usr/bin/make" "cmTC_35566/fast"
/Library/Developer/CommandLineTools/usr/bin/make -f CMakeFiles/cmTC_35566.dir/build.make CMakeFiles/cmTC_35566.dir/build
Building C object CMakeFiles/cmTC_35566.dir/CheckFunctionExists.c.o
/usr/bin/cc    -O0 -ffunction-sections -fdata-sections -m64 -fPIC -DCHECK_FUNCTION_EXISTS=libssh2_userauth_publickey_frommemory   -o CMakeFiles/cmTC_35566.dir/CheckFunctionExists.c.o   -c /usr/local/Cellar/cmake/3.4.0/share/cmake/Modules/CheckFunctionExists.c
Linking C executable cmTC_35566
/usr/local/Cellar/cmake/3.4.0/bin/cmake -E cmake_link_script CMakeFiles/cmTC_35566.dir/link.txt --verbose=1
/usr/bin/cc   -O0 -ffunction-sections -fdata-sections -m64 -fPIC -DCHECK_FUNCTION_EXISTS=libssh2_userauth_publickey_frommemory -Wl,-search_paths_first -Wl,-headerpad_max_install_names   CMakeFiles/cmTC_35566.dir/CheckFunctionExists.c.o  -o cmTC_35566  -L/Users/Signal/Rust_Project/p2p3/target/debug/build/libssh2-sys-5c335ae487a3a8b6/out/lib  -lssh2 -Wl,-rpath,/Users/Signal/Rust_Project/p2p3/target/debug/build/libssh2-sys-5c335ae487a3a8b6/out/lib 
Undefined symbols for architecture x86_64:
  "_BIO_ctrl", referenced from:
      __libssh2_pub_priv_keyfile in libssh2.a(openssl.c.o)
      __libssh2_pub_priv_keyfilememory in libssh2.a(openssl.c.o)
  "_BIO_free", referenced from:
      _read_private_key_from_memory in libssh2.a(openssl.c.o)
      _read_private_key_from_file in libssh2.a(openssl.c.o)
      __libssh2_pub_priv_keyfile in libssh2.a(openssl.c.o)
      __libssh2_pub_priv_keyfilememory in libssh2.a(openssl.c.o)
  "_BIO_new_file", referenced from:
      _read_private_key_from_file in libssh2.a(openssl.c.o)
      __libssh2_pub_priv_keyfile in libssh2.a(openssl.c.o)
  "_BIO_new_mem_buf", referenced from:
      _read_private_key_from_memory in libssh2.a(openssl.c.o)
      __libssh2_pub_priv_keyfilememory in libssh2.a(openssl.c.o)
  "_BN_CTX_free", referenced from:
      _diffie_hellman_sha1 in libssh2.a(kex.c.o)
  "_BN_CTX_new", referenced from:
      _diffie_hellman_sha1 in libssh2.a(kex.c.o)
  "_BN_bin2bn", referenced from:
      __libssh2_rsa_new in libssh2.a(openssl.c.o)
      __libssh2_dsa_new in libssh2.a(openssl.c.o)
      __libssh2_dsa_sha1_verify in libssh2.a(openssl.c.o)
      _kex_method_diffie_hellman_group14_sha1_key_exchange in libssh2.a(kex.c.o)
      _diffie_hellman_sha1 in libssh2.a(kex.c.o)
      _kex_method_diffie_hellman_group_exchange_sha1_key_exchange in libssh2.a(kex.c.o)
      _kex_method_diffie_hellman_group1_sha1_key_exchange in libssh2.a(kex.c.o)
      ...
  "_BN_bn2bin", referenced from:
      __libssh2_dsa_sha1_sign in libssh2.a(openssl.c.o)
      _write_bn in libssh2.a(openssl.c.o)
      _diffie_hellman_sha1 in libssh2.a(kex.c.o)
  "_BN_clear_free", referenced from:
      __libssh2_dsa_sha1_verify in libssh2.a(openssl.c.o)
      _kex_method_diffie_hellman_group14_sha1_key_exchange in libssh2.a(kex.c.o)
      _diffie_hellman_sha1 in libssh2.a(kex.c.o)
      _kex_method_diffie_hellman_group_exchange_sha1_key_exchange in libssh2.a(kex.c.o)
      _kex_method_diffie_hellman_group1_sha1_key_exchange in libssh2.a(kex.c.o)
  "_BN_mod_exp", referenced from:
      _diffie_hellman_sha1 in libssh2.a(kex.c.o)
  "_BN_new", referenced from:
      __libssh2_rsa_new in libssh2.a(openssl.c.o)
      __libssh2_dsa_new in libssh2.a(openssl.c.o)
      __libssh2_dsa_sha1_verify in libssh2.a(openssl.c.o)
      _kex_method_diffie_hellman_group14_sha1_key_exchange in libssh2.a(kex.c.o)
      _diffie_hellman_sha1 in libssh2.a(kex.c.o)
      _kex_method_diffie_hellman_group_exchange_sha1_key_exchange in libssh2.a(kex.c.o)
      _kex_method_diffie_hellman_group1_sha1_key_exchange in libssh2.a(kex.c.o)
      ...
  "_BN_num_bits", referenced from:
      __libssh2_dsa_sha1_sign in libssh2.a(openssl.c.o)
      _gen_publickey_from_rsa in libssh2.a(openssl.c.o)
      _gen_publickey_from_dsa in libssh2.a(openssl.c.o)
      _diffie_hellman_sha1 in libssh2.a(kex.c.o)
  "_BN_rand", referenced from:
      _diffie_hellman_sha1 in libssh2.a(kex.c.o)
  "_BN_set_word", referenced from:
      _kex_method_diffie_hellman_group14_sha1_key_exchange in libssh2.a(kex.c.o)
      _kex_method_diffie_hellman_group1_sha1_key_exchange in libssh2.a(kex.c.o)
  "_DSA_SIG_free", referenced from:
      __libssh2_dsa_sha1_sign in libssh2.a(openssl.c.o)
  "_DSA_do_sign", referenced from:
      __libssh2_dsa_sha1_sign in libssh2.a(openssl.c.o)
  "_DSA_do_verify", referenced from:
      __libssh2_dsa_sha1_verify in libssh2.a(openssl.c.o)
  "_DSA_free", referenced from:
      _gen_publickey_from_dsa_evp in libssh2.a(openssl.c.o)
      _hostkey_method_ssh_dss_dtor in libssh2.a(hostkey.c.o)
  "_DSA_new", referenced from:
      __libssh2_dsa_new in libssh2.a(openssl.c.o)
  "_EVP_CIPHER_CTX_cleanup", referenced from:
      _aes_ctr_cleanup in libssh2.a(openssl.c.o)
      _crypt_dtor in libssh2.a(crypt.c.o)
  "_EVP_CIPHER_CTX_get_app_data", referenced from:
      _aes_ctr_do_cipher in libssh2.a(openssl.c.o)
      _aes_ctr_cleanup in libssh2.a(openssl.c.o)
  "_EVP_CIPHER_CTX_init", referenced from:
      __libssh2_cipher_init in libssh2.a(openssl.c.o)
  "_EVP_CIPHER_CTX_set_app_data", referenced from:
      _aes_ctr_init in libssh2.a(openssl.c.o)
  "_EVP_CIPHER_CTX_set_padding", referenced from:
      _aes_ctr_init in libssh2.a(openssl.c.o)
  "_EVP_Cipher", referenced from:
      __libssh2_cipher_crypt in libssh2.a(openssl.c.o)
  "_EVP_CipherInit", referenced from:
      __libssh2_cipher_init in libssh2.a(openssl.c.o)
  "_EVP_DigestFinal", referenced from:
      __libssh2_sha1 in libssh2.a(openssl.c.o)
      _hostkey_method_ssh_rsa_signv in libssh2.a(hostkey.c.o)
      _hostkey_method_ssh_dss_signv in libssh2.a(hostkey.c.o)
      _diffie_hellman_sha1 in libssh2.a(kex.c.o)
  "_EVP_DigestInit", referenced from:
      __libssh2_sha1 in libssh2.a(openssl.c.o)
      __libssh2_sha1_init in libssh2.a(openssl.c.o)
      __libssh2_md5_init in libssh2.a(openssl.c.o)
  "_EVP_DigestUpdate", referenced from:
      __libssh2_sha1 in libssh2.a(openssl.c.o)
      _hostkey_method_ssh_rsa_signv in libssh2.a(hostkey.c.o)
      _hostkey_method_ssh_dss_signv in libssh2.a(hostkey.c.o)
      _diffie_hellman_sha1 in libssh2.a(kex.c.o)
  "_EVP_EncryptInit", referenced from:
      _aes_ctr_init in libssh2.a(openssl.c.o)
  "_EVP_EncryptUpdate", referenced from:
      _aes_ctr_do_cipher in libssh2.a(openssl.c.o)
  "_EVP_MD_CTX_init", referenced from:
      __libssh2_sha1 in libssh2.a(openssl.c.o)
      __libssh2_sha1_init in libssh2.a(openssl.c.o)
      __libssh2_md5_init in libssh2.a(openssl.c.o)
  "_EVP_PKEY_free", referenced from:
      __libssh2_pub_priv_keyfile in libssh2.a(openssl.c.o)
      __libssh2_pub_priv_keyfilememory in libssh2.a(openssl.c.o)
  "_EVP_PKEY_get1_DSA", referenced from:
      _gen_publickey_from_dsa_evp in libssh2.a(openssl.c.o)
  "_EVP_PKEY_get1_RSA", referenced from:
      _gen_publickey_from_rsa_evp in libssh2.a(openssl.c.o)
  "_EVP_aes_128_cbc", referenced from:
      _libssh2_crypt_method_aes128_cbc in libssh2.a(crypt.c.o)
  "_EVP_aes_128_ecb", referenced from:
      _aes_ctr_init in libssh2.a(openssl.c.o)
  "_EVP_aes_192_cbc", referenced from:
      _libssh2_crypt_method_aes192_cbc in libssh2.a(crypt.c.o)
  "_EVP_aes_192_ecb", referenced from:
      _aes_ctr_init in libssh2.a(openssl.c.o)
  "_EVP_aes_256_cbc", referenced from:
      _libssh2_crypt_method_aes256_cbc in libssh2.a(crypt.c.o)
      _libssh2_crypt_method_rijndael_cbc_lysator_liu_se in libssh2.a(crypt.c.o)
  "_EVP_aes_256_ecb", referenced from:
      _aes_ctr_init in libssh2.a(openssl.c.o)
  "_EVP_bf_cbc", referenced from:
      _libssh2_crypt_method_blowfish_cbc in libssh2.a(crypt.c.o)
  "_EVP_cast5_cbc", referenced from:
      _libssh2_crypt_method_cast128_cbc in libssh2.a(crypt.c.o)
  "_EVP_des_ede3_cbc", referenced from:
      _libssh2_crypt_method_3des_cbc in libssh2.a(crypt.c.o)
  "_EVP_get_cipherbyname", referenced from:
      __libssh2_pub_priv_keyfile in libssh2.a(openssl.c.o)
      __libssh2_pub_priv_keyfilememory in libssh2.a(openssl.c.o)
  "_EVP_get_digestbyname", referenced from:
      __libssh2_sha1 in libssh2.a(openssl.c.o)
      __libssh2_sha1_init in libssh2.a(openssl.c.o)
      __libssh2_md5_init in libssh2.a(openssl.c.o)
  "_EVP_md5", referenced from:
      _mac_method_hmac_md5_hash in libssh2.a(mac.c.o)
  "_EVP_rc4", referenced from:
      _libssh2_crypt_method_arcfour128 in libssh2.a(crypt.c.o)
      _libssh2_crypt_method_arcfour in libssh2.a(crypt.c.o)
  "_EVP_ripemd160", referenced from:
      _mac_method_hmac_ripemd160_hash in libssh2.a(mac.c.o)
  "_EVP_sha1", referenced from:
      _mac_method_hmac_sha1_hash in libssh2.a(mac.c.o)
  "_HMAC_CTX_cleanup", referenced from:
      _mac_method_hmac_sha1_hash in libssh2.a(mac.c.o)
      _mac_method_hmac_md5_hash in libssh2.a(mac.c.o)
      _mac_method_hmac_ripemd160_hash in libssh2.a(mac.c.o)
  "_HMAC_CTX_init", referenced from:
      _mac_method_hmac_sha1_hash in libssh2.a(mac.c.o)
      _mac_method_hmac_md5_hash in libssh2.a(mac.c.o)
      _mac_method_hmac_ripemd160_hash in libssh2.a(mac.c.o)
  "_HMAC_Final", referenced from:
      _mac_method_hmac_sha1_hash in libssh2.a(mac.c.o)
      _mac_method_hmac_md5_hash in libssh2.a(mac.c.o)
      _mac_method_hmac_ripemd160_hash in libssh2.a(mac.c.o)
  "_HMAC_Init", referenced from:
      _mac_method_hmac_sha1_hash in libssh2.a(mac.c.o)
      _mac_method_hmac_md5_hash in libssh2.a(mac.c.o)
      _mac_method_hmac_ripemd160_hash in libssh2.a(mac.c.o)
  "_HMAC_Update", referenced from:
      _mac_method_hmac_sha1_hash in libssh2.a(mac.c.o)
      _mac_method_hmac_md5_hash in libssh2.a(mac.c.o)
      _mac_method_hmac_ripemd160_hash in libssh2.a(mac.c.o)
  "_OPENSSL_add_all_algorithms_noconf", referenced from:
      _libssh2_init in libssh2.a(global.c.o)
  "_OpenSSL_add_all_ciphers", referenced from:
      __libssh2_pub_priv_keyfile in libssh2.a(openssl.c.o)
      __libssh2_pub_priv_keyfilememory in libssh2.a(openssl.c.o)
  "_PEM_read_bio_DSAPrivateKey", referenced from:
      __libssh2_dsa_new_private_frommemory in libssh2.a(openssl.c.o)
      __libssh2_dsa_new_private in libssh2.a(openssl.c.o)
  "_PEM_read_bio_PrivateKey", referenced from:
      __libssh2_pub_priv_keyfile in libssh2.a(openssl.c.o)
      __libssh2_pub_priv_keyfilememory in libssh2.a(openssl.c.o)
  "_PEM_read_bio_RSAPrivateKey", referenced from:
      __libssh2_rsa_new_private_frommemory in libssh2.a(openssl.c.o)
      __libssh2_rsa_new_private in libssh2.a(openssl.c.o)
  "_RAND_bytes", referenced from:
      __libssh2_transport_send in libssh2.a(transport.c.o)
      _channel_x11_req in libssh2.a(channel.c.o)
      _kexinit in libssh2.a(kex.c.o)
  "_RSA_free", referenced from:
      _gen_publickey_from_rsa_evp in libssh2.a(openssl.c.o)
      _hostkey_method_ssh_rsa_dtor in libssh2.a(hostkey.c.o)
  "_RSA_new", referenced from:
      __libssh2_rsa_new in libssh2.a(openssl.c.o)
  "_RSA_sign", referenced from:
      __libssh2_rsa_sha1_sign in libssh2.a(openssl.c.o)
  "_RSA_size", referenced from:
      __libssh2_rsa_sha1_sign in libssh2.a(openssl.c.o)
  "_RSA_verify", referenced from:
      __libssh2_rsa_sha1_verify in libssh2.a(openssl.c.o)
  "_deflate", referenced from:
      _comp_method_zlib_comp in libssh2.a(comp.c.o)
  "_deflateEnd", referenced from:
      _comp_method_zlib_dtor in libssh2.a(comp.c.o)
  "_deflateInit_", referenced from:
      _comp_method_zlib_init in libssh2.a(comp.c.o)
  "_inflate", referenced from:
      _comp_method_zlib_decomp in libssh2.a(comp.c.o)
  "_inflateEnd", referenced from:
      _comp_method_zlib_dtor in libssh2.a(comp.c.o)
  "_inflateInit_", referenced from:
      _comp_method_zlib_init in libssh2.a(comp.c.o)
ld: symbol(s) not found for architecture x86_64
clang: error: linker command failed with exit code 1 (use -v to see invocation)
make[1]: *** [cmTC_35566] Error 1
make: *** [cmTC_35566/fast] Error 2


Determining if the function futimens exists failed with the following output:
Change Dir: /Users/Signal/Rust_Project/p2p3/target/debug/build/libgit2-sys-368b385e55755cd9/out/build/CMakeFiles/CMakeTmp

Run Build Command:"/usr/bin/make" "cmTC_d93c7/fast"
/Library/Developer/CommandLineTools/usr/bin/make -f CMakeFiles/cmTC_d93c7.dir/build.make CMakeFiles/cmTC_d93c7.dir/build
Building C object CMakeFiles/cmTC_d93c7.dir/CheckFunctionExists.c.o
/usr/bin/cc    -D_GNU_SOURCE -Wall -Wextra  -O0 -ffunction-sections -fdata-sections -m64 -fPIC -Wdocumentation -Wno-missing-field-initializers -Wstrict-aliasing=2 -Wstrict-prototypes -Wdeclaration-after-statement -Wno-unused-const-variable -Wno-unused-function -Wno-deprecated-declarations -DCHECK_FUNCTION_EXISTS=futimens   -o CMakeFiles/cmTC_d93c7.dir/CheckFunctionExists.c.o   -c /usr/local/Cellar/cmake/3.4.0/share/cmake/Modules/CheckFunctionExists.c
Linking C executable cmTC_d93c7
/usr/local/Cellar/cmake/3.4.0/bin/cmake -E cmake_link_script CMakeFiles/cmTC_d93c7.dir/link.txt --verbose=1
/usr/bin/cc  -D_GNU_SOURCE -Wall -Wextra  -O0 -ffunction-sections -fdata-sections -m64 -fPIC -Wdocumentation -Wno-missing-field-initializers -Wstrict-aliasing=2 -Wstrict-prototypes -Wdeclaration-after-statement -Wno-unused-const-variable -Wno-unused-function -Wno-deprecated-declarations -DCHECK_FUNCTION_EXISTS=futimens -Wl,-search_paths_first -Wl,-headerpad_max_install_names   CMakeFiles/cmTC_d93c7.dir/CheckFunctionExists.c.o  -o cmTC_d93c7  
Undefined symbols for architecture x86_64:
  "_futimens", referenced from:
      _main in CheckFunctionExists.c.o
ld: symbol(s) not found for architecture x86_64
clang: error: linker command failed with exit code 1 (use -v to see invocation)
make[1]: *** [cmTC_d93c7] Error 1
make: *** [cmTC_d93c7/fast] Error 2


Determining if the function qsort_s exists failed with the following output:
Change Dir: /Users/Signal/Rust_Project/p2p3/target/debug/build/libgit2-sys-368b385e55755cd9/out/build/CMakeFiles/CMakeTmp

Run Build Command:"/usr/bin/make" "cmTC_097bd/fast"
/Library/Developer/CommandLineTools/usr/bin/make -f CMakeFiles/cmTC_097bd.dir/build.make CMakeFiles/cmTC_097bd.dir/build
Building C object CMakeFiles/cmTC_097bd.dir/CheckFunctionExists.c.o
/usr/bin/cc    -D_GNU_SOURCE -Wall -Wextra  -O0 -ffunction-sections -fdata-sections -m64 -fPIC -Wdocumentation -Wno-missing-field-initializers -Wstrict-aliasing=2 -Wstrict-prototypes -Wdeclaration-after-statement -Wno-unused-const-variable -Wno-unused-function -Wno-deprecated-declarations -DCHECK_FUNCTION_EXISTS=qsort_s   -o CMakeFiles/cmTC_097bd.dir/CheckFunctionExists.c.o   -c /usr/local/Cellar/cmake/3.4.0/share/cmake/Modules/CheckFunctionExists.c
Linking C executable cmTC_097bd
/usr/local/Cellar/cmake/3.4.0/bin/cmake -E cmake_link_script CMakeFiles/cmTC_097bd.dir/link.txt --verbose=1
/usr/bin/cc  -D_GNU_SOURCE -Wall -Wextra  -O0 -ffunction-sections -fdata-sections -m64 -fPIC -Wdocumentation -Wno-missing-field-initializers -Wstrict-aliasing=2 -Wstrict-prototypes -Wdeclaration-after-statement -Wno-unused-const-variable -Wno-unused-function -Wno-deprecated-declarations -DCHECK_FUNCTION_EXISTS=qsort_s -Wl,-search_paths_first -Wl,-headerpad_max_install_names   CMakeFiles/cmTC_097bd.dir/CheckFunctionExists.c.o  -o cmTC_097bd  
Undefined symbols for architecture x86_64:
  "_qsort_s", referenced from:
      _main in CheckFunctionExists.c.o
ld: symbol(s) not found for architecture x86_64
clang: error: linker command failed with exit code 1 (use -v to see invocation)
make[1]: *** [cmTC_097bd] Error 1
make: *** [cmTC_097bd/fast] Error 2


Determining if the function clock_gettime exists in the rt failed with the following output:
Change Dir: /Users/Signal/Rust_Project/p2p3/target/debug/build/libgit2-sys-368b385e55755cd9/out/build/CMakeFiles/CMakeTmp

Run Build Command:"/usr/bin/make" "cmTC_c5776/fast"
/Library/Developer/CommandLineTools/usr/bin/make -f CMakeFiles/cmTC_c5776.dir/build.make CMakeFiles/cmTC_c5776.dir/build
Building C object CMakeFiles/cmTC_c5776.dir/CheckFunctionExists.c.o
/usr/bin/cc    -D_GNU_SOURCE -Wall -Wextra  -O0 -ffunction-sections -fdata-sections -m64 -fPIC -Wdocumentation -Wno-missing-field-initializers -Wstrict-aliasing=2 -Wstrict-prototypes -Wdeclaration-after-statement -Wno-unused-const-variable -Wno-unused-function -Wno-deprecated-declarations -DCHECK_FUNCTION_EXISTS=clock_gettime   -o CMakeFiles/cmTC_c5776.dir/CheckFunctionExists.c.o   -c /usr/local/Cellar/cmake/3.4.0/share/cmake/Modules/CheckFunctionExists.c
Linking C executable cmTC_c5776
/usr/local/Cellar/cmake/3.4.0/bin/cmake -E cmake_link_script CMakeFiles/cmTC_c5776.dir/link.txt --verbose=1
/usr/bin/cc  -D_GNU_SOURCE -Wall -Wextra  -O0 -ffunction-sections -fdata-sections -m64 -fPIC -Wdocumentation -Wno-missing-field-initializers -Wstrict-aliasing=2 -Wstrict-prototypes -Wdeclaration-after-statement -Wno-unused-const-variable -Wno-unused-function -Wno-deprecated-declarations -DCHECK_FUNCTION_EXISTS=clock_gettime -Wl,-search_paths_first -Wl,-headerpad_max_install_names   CMakeFiles/cmTC_c5776.dir/CheckFunctionExists.c.o  -o cmTC_c5776  -L/Users/Signal/Rust_Project/p2p3/target/debug/build/libgit2-sys-368b385e55755cd9/out/build/CMakeFiles/CMakeTmp/time.h  -lrt -Wl,-rpath,/Users/Signal/Rust_Project/p2p3/target/debug/build/libgit2-sys-368b385e55755cd9/out/build/CMakeFiles/CMakeTmp/time.h 
ld: warning: directory not found for option '-L/Users/Signal/Rust_Project/p2p3/target/debug/build/libgit2-sys-368b385e55755cd9/out/build/CMakeFiles/CMakeTmp/time.h'
ld: library not found for -lrt
clang: error: linker command failed with exit code 1 (use -v to see invocation)
make[1]: *** [cmTC_c5776] Error 1
make: *** [cmTC_c5776/fast] Error 2


